<?xml version="1.0" encoding="UTF-8"?>
<testng-results skipped="0" failed="0" total="1" passed="1">
  <reporter-output>
  </reporter-output>
  <suite name="Default suite" duration-ms="7143" started-at="2015-08-27T06:15:20Z" finished-at="2015-08-27T06:15:27Z">
    <groups>
    </groups>
    <test name="Default test" duration-ms="7143" started-at="2015-08-27T06:15:20Z" finished-at="2015-08-27T06:15:27Z">
      <class name="AppiumDemo">
        <test-method status="PASS" signature="setUp()[pri:0, instance:AppiumDemo@27f674d]" name="setUp" is-config="true" duration-ms="4967" started-at="2015-08-27T15:15:20Z" finished-at="2015-08-27T15:15:25Z">
          <reporter-output>
          </reporter-output>
        </test-method> <!-- setUp -->
        <test-method status="PASS" signature="loginTest()[pri:0, instance:AppiumDemo@27f674d]" name="loginTest" duration-ms="2076" started-at="2015-08-27T15:15:25Z" finished-at="2015-08-27T15:15:27Z">
          <reporter-output>
          </reporter-output>
        </test-method> <!-- loginTest -->
        <test-method status="PASS" signature="tearDown()[pri:0, instance:AppiumDemo@27f674d]" name="tearDown" is-config="true" duration-ms="87" started-at="2015-08-27T15:15:27Z" finished-at="2015-08-27T15:15:27Z">
          <reporter-output>
          </reporter-output>
        </test-method> <!-- tearDown -->
      </class> <!-- AppiumDemo -->
    </test> <!-- Default test -->
  </suite> <!-- Default suite -->
</testng-results>
